app/build/intermediates/manifest_merge_blame_file/debug/manifest-merger-blame-debug-report.txt
1<?xml version="1.0" encoding="utf-8"?>
2<manifest xmlns:android="http://schemas.android.com/apk/res/android"
3    package="com.example.project"
4    android:versionCode="1"
5    android:versionName="1.0" >
6
7    <uses-sdk
8        android:minSdkVersion="17"
8-->src\main\AndroidManifest.xml
9        android:targetSdkVersion="29" />
9-->src\main\AndroidManifest.xml
10    <!--
11         The ACCESS_COARSE/FINE_LOCATION permissions are not required to use
12         Google Maps Android API v2, but you must specify either coarse or fine
13         location permissions for the 'MyLocation' functionality.
14    -->
15    <uses-permission android:name="android.permission.ACCESS_FINE_LOCATION" />
15-->src\main\AndroidManifest.xml:9:5-79
15-->src\main\AndroidManifest.xml:9:22-76
16    <uses-permission android:name="android.permission.INTERNET" />
16-->src\main\AndroidManifest.xml:10:5-67
16-->src\main\AndroidManifest.xml:10:22-64
17    <uses-permission android:name="android.permission.VIBRATE" />
17-->src\main\AndroidManifest.xml:11:5-66
17-->src\main\AndroidManifest.xml:11:22-63
18    <uses-permission android:name="android.permission.ACCESS_WIFI_STATE" /> <!-- Include required permissions for Google Maps API to run. -->
18-->[com.google.android.libraries.places:places:2.0.0] AndroidManifest.xml:10:5-76
18-->[com.google.android.libraries.places:places:2.0.0] AndroidManifest.xml:10:22-73
19    <uses-permission android:name="android.permission.ACCESS_NETWORK_STATE" />
19-->[com.google.android.gms:play-services-maps:17.0.0] AndroidManifest.xml:23:5-79
19-->[com.google.android.gms:play-services-maps:17.0.0] AndroidManifest.xml:23:22-76
20
21    <uses-feature
21-->[com.google.android.gms:play-services-maps:17.0.0] AndroidManifest.xml:26:5-28:35
22        android:glEsVersion="0x00020000"
22-->[com.google.android.gms:play-services-maps:17.0.0] AndroidManifest.xml:27:9-41
23        android:required="true" />
23-->[com.google.android.gms:play-services-maps:17.0.0] AndroidManifest.xml:28:9-32
24
25    <application
25-->src\main\AndroidManifest.xml:13:5-58:19
26        android:allowBackup="true"
26-->src\main\AndroidManifest.xml:14:9-35
27        android:appComponentFactory="androidx.core.app.CoreComponentFactory"
27-->[androidx.core:core:1.0.1] AndroidManifest.xml:22:18-86
28        android:configChanges="orientation|keyboardHidden|screenSize"
28-->[gr.pantrif:easy-android-splash-screen:0.0.1] AndroidManifest.xml:14:9-70
29        android:debuggable="true"
30        android:icon="@mipmap/ic_launcher"
30-->src\main\AndroidManifest.xml:15:9-43
31        android:label="@string/app_name"
31-->src\main\AndroidManifest.xml:16:9-41
32        android:roundIcon="@mipmap/ic_launcher_round"
32-->src\main\AndroidManifest.xml:17:9-54
33        android:supportsRtl="true"
33-->src\main\AndroidManifest.xml:18:9-35
34        android:testOnly="true"
35        android:theme="@style/AppTheme" >
35-->src\main\AndroidManifest.xml:19:9-40
36        <activity android:name="com.example.project.Registration.ResetPassword" />
36-->src\main\AndroidManifest.xml:20:9-73
36-->src\main\AndroidManifest.xml:20:19-61
37        <activity android:name="com.example.project.Ratings.bookrating" />
37-->src\main\AndroidManifest.xml:21:9-56
37-->src\main\AndroidManifest.xml:21:19-53
38        <activity android:name="com.example.project.ShoppingCart.paymentmethod" />
38-->src\main\AndroidManifest.xml:22:9-64
38-->src\main\AndroidManifest.xml:22:19-61
39        <activity android:name="com.example.project.ShoppingCart.CartActivity" />
39-->src\main\AndroidManifest.xml:23:9-63
39-->src\main\AndroidManifest.xml:23:19-60
40        <!--
41             The API key for Google Maps-based APIs is defined as a string resource.
42             (See the file "res/values/google_maps_api.xml").
43             Note that the API key is linked to the encryption key used to sign the APK.
44             You need a different API key for each encryption key, including the release key that is used to
45             sign the APK for publishing.
46             You can define the keys for the debug and release targets in src/debug/ and src/release/.
47        -->
48        <meta-data
48-->src\main\AndroidManifest.xml:32:9-34:55
49            android:name="com.google.android.geo.API_KEY"
49-->src\main\AndroidManifest.xml:33:13-58
50            android:value="@string/google_maps_key" />
50-->src\main\AndroidManifest.xml:34:13-52
51
52        <activity
52-->src\main\AndroidManifest.xml:36:9-38:70
53            android:name="com.example.project.Maps.Bookstores_maps"
53-->src\main\AndroidManifest.xml:37:13-49
54            android:label="@string/title_activity_bookstores_maps" />
54-->src\main\AndroidManifest.xml:38:13-67
55        <activity android:name="com.example.project.Books.bookActivity" />
55-->src\main\AndroidManifest.xml:39:9-56
55-->src\main\AndroidManifest.xml:39:19-53
56        <activity android:name="com.example.project.Books.CategoryActivity" />
56-->src\main\AndroidManifest.xml:40:9-60
56-->src\main\AndroidManifest.xml:40:19-57
57        <activity android:name="com.example.project.Books.UserProfileBooks" />
57-->src\main\AndroidManifest.xml:41:9-60
57-->src\main\AndroidManifest.xml:41:19-57
58        <activity
58-->src\main\AndroidManifest.xml:42:9-45:59
59            android:name="com.example.project.Registration.ManagerPortal"
59-->src\main\AndroidManifest.xml:43:13-55
60            android:label="@string/title_activity_main_manager_portal"
60-->src\main\AndroidManifest.xml:44:13-71
61            android:theme="@style/AppTheme.NoActionBar" />
61-->src\main\AndroidManifest.xml:45:13-56
62        <activity android:name="com.example.project.Registration.UserProfile" />
62-->src\main\AndroidManifest.xml:46:9-62
62-->src\main\AndroidManifest.xml:46:19-59
63        <activity android:name="com.example.project.Registration.VerifyMail" />
63-->src\main\AndroidManifest.xml:47:9-61
63-->src\main\AndroidManifest.xml:47:19-58
64        <activity android:name="com.example.project.Registration.SignUp" />
64-->src\main\AndroidManifest.xml:48:9-57
64-->src\main\AndroidManifest.xml:48:19-54
65        <activity android:name="com.example.project.Registration.Login" />
65-->src\main\AndroidManifest.xml:49:9-56
65-->src\main\AndroidManifest.xml:49:19-53
66        <activity android:name="com.example.project.Registration.MainActivity" />
66-->src\main\AndroidManifest.xml:50:9-63
66-->src\main\AndroidManifest.xml:50:19-60
67        <activity android:name="com.example.project.SplashScreenActivity" >
67-->src\main\AndroidManifest.xml:51:9-57:20
67-->src\main\AndroidManifest.xml:51:19-55
68            <intent-filter>
68-->src\main\AndroidManifest.xml:52:13-56:29
69                <action android:name="android.intent.action.MAIN" />
69-->src\main\AndroidManifest.xml:53:17-69
69-->src\main\AndroidManifest.xml:53:25-66
70
71                <category android:name="android.intent.category.LAUNCHER" />
71-->src\main\AndroidManifest.xml:55:17-77
71-->src\main\AndroidManifest.xml:55:27-74
72            </intent-filter>
73        </activity>
74        <!-- Autocomplete -->
75        <activity
75-->[com.google.android.libraries.places:places:2.0.0] AndroidManifest.xml:16:9-23:20
76            android:name="com.google.android.libraries.places.widget.AutocompleteActivity"
76-->[com.google.android.libraries.places:places:2.0.0] AndroidManifest.xml:17:13-91
77            android:exported="false"
77-->[com.google.android.libraries.places:places:2.0.0] AndroidManifest.xml:18:13-37
78            android:hardwareAccelerated="true"
78-->[com.google.android.libraries.places:places:2.0.0] AndroidManifest.xml:19:13-47
79            android:label="@string/places_autocomplete_label"
79-->[com.google.android.libraries.places:places:2.0.0] AndroidManifest.xml:20:13-62
80            android:theme="@style/PlacesAutocompleteThemeOverlay"
80-->[com.google.android.libraries.places:places:2.0.0] AndroidManifest.xml:21:13-66
81            android:windowSoftInputMode="stateAlwaysVisible|adjustPan" >
81-->[com.google.android.libraries.places:places:2.0.0] AndroidManifest.xml:22:13-71
82        </activity> <!-- Needs to be explicitly declared on P+ -->
83        <uses-library
83-->[com.google.android.gms:play-services-maps:17.0.0] AndroidManifest.xml:33:9-35:40
84            android:name="org.apache.http.legacy"
84-->[com.google.android.gms:play-services-maps:17.0.0] AndroidManifest.xml:34:13-50
85            android:required="false" />
85-->[com.google.android.gms:play-services-maps:17.0.0] AndroidManifest.xml:35:13-37
86
87        <activity
87-->[com.google.firebase:firebase-auth:16.0.5] AndroidManifest.xml:24:9-31:50
88            android:name="com.google.firebase.auth.internal.FederatedSignInActivity"
88-->[com.google.firebase:firebase-auth:16.0.5] AndroidManifest.xml:25:13-85
89            android:excludeFromRecents="true"
89-->[com.google.firebase:firebase-auth:16.0.5] AndroidManifest.xml:26:13-46
90            android:exported="true"
90-->[com.google.firebase:firebase-auth:16.0.5] AndroidManifest.xml:27:13-36
91            android:launchMode="singleTask"
91-->[com.google.firebase:firebase-auth:16.0.5] AndroidManifest.xml:28:13-44
92            android:permission="com.google.firebase.auth.api.gms.permission.LAUNCH_FEDERATED_SIGN_IN"
92-->[com.google.firebase:firebase-auth:16.0.5] AndroidManifest.xml:29:13-102
93            android:theme="@android:style/Theme.Translucent.NoTitleBar" />
93-->[com.google.firebase:firebase-auth:16.0.5] AndroidManifest.xml:30:13-72
94
95        <service
95-->[com.google.firebase:firebase-auth:16.0.5] AndroidManifest.xml:33:9-39:19
96            android:name="com.google.firebase.components.ComponentDiscoveryService"
96-->[com.google.firebase:firebase-auth:16.0.5] AndroidManifest.xml:34:13-84
97            android:exported="false" >
97-->[com.google.firebase:firebase-auth:16.0.5] AndroidManifest.xml:35:13-37
98            <meta-data
98-->[com.google.firebase:firebase-auth:16.0.5] AndroidManifest.xml:36:13-38:85
99                android:name="com.google.firebase.components:com.google.firebase.auth.FirebaseAuthRegistrar"
99-->[com.google.firebase:firebase-auth:16.0.5] AndroidManifest.xml:37:17-109
100                android:value="com.google.firebase.components.ComponentRegistrar" />
100-->[com.google.firebase:firebase-auth:16.0.5] AndroidManifest.xml:38:17-82
101        </service>
102
103        <activity
103-->[com.google.android.gms:play-services-auth:17.0.0] AndroidManifest.xml:23:9-27:75
104            android:name="com.google.android.gms.auth.api.signin.internal.SignInHubActivity"
104-->[com.google.android.gms:play-services-auth:17.0.0] AndroidManifest.xml:24:13-93
105            android:excludeFromRecents="true"
105-->[com.google.android.gms:play-services-auth:17.0.0] AndroidManifest.xml:25:13-46
106            android:exported="false"
106-->[com.google.android.gms:play-services-auth:17.0.0] AndroidManifest.xml:26:13-37
107            android:theme="@android:style/Theme.Translucent.NoTitleBar" />
107-->[com.google.android.gms:play-services-auth:17.0.0] AndroidManifest.xml:27:13-72
108        <!--
109            Service handling Google Sign-In user revocation. For apps that do not integrate with
110            Google Sign-In, this service will never be started.
111        -->
112        <service
112-->[com.google.android.gms:play-services-auth:17.0.0] AndroidManifest.xml:33:9-36:110
113            android:name="com.google.android.gms.auth.api.signin.RevocationBoundService"
113-->[com.google.android.gms:play-services-auth:17.0.0] AndroidManifest.xml:34:13-89
114            android:exported="true"
114-->[com.google.android.gms:play-services-auth:17.0.0] AndroidManifest.xml:35:13-36
115            android:permission="com.google.android.gms.auth.api.signin.permission.REVOCATION_NOTIFICATION" />
115-->[com.google.android.gms:play-services-auth:17.0.0] AndroidManifest.xml:36:13-107
116
117        <activity
117-->[com.google.android.gms:play-services-base:17.0.0] AndroidManifest.xml:23:9-26:75
118            android:name="com.google.android.gms.common.api.GoogleApiActivity"
118-->[com.google.android.gms:play-services-base:17.0.0] AndroidManifest.xml:24:13-79
119            android:exported="false"
119-->[com.google.android.gms:play-services-base:17.0.0] AndroidManifest.xml:25:13-37
120            android:theme="@android:style/Theme.Translucent.NoTitleBar" />
120-->[com.google.android.gms:play-services-base:17.0.0] AndroidManifest.xml:26:13-72
121
122        <provider
122-->[com.google.firebase:firebase-common:16.0.3] AndroidManifest.xml:10:9-14:39
123            android:name="com.google.firebase.provider.FirebaseInitProvider"
123-->[com.google.firebase:firebase-common:16.0.3] AndroidManifest.xml:11:13-77
124            android:authorities="com.example.project.firebaseinitprovider"
124-->[com.google.firebase:firebase-common:16.0.3] AndroidManifest.xml:12:13-72
125            android:exported="false"
125-->[com.google.firebase:firebase-common:16.0.3] AndroidManifest.xml:13:13-37
126            android:initOrder="100" />
126-->[com.google.firebase:firebase-common:16.0.3] AndroidManifest.xml:14:13-36
127
128        <meta-data
128-->[com.google.android.gms:play-services-basement:17.0.0] AndroidManifest.xml:23:9-25:69
129            android:name="com.google.android.gms.version"
129-->[com.google.android.gms:play-services-basement:17.0.0] AndroidManifest.xml:24:13-58
130            android:value="@integer/google_play_services_version" />
130-->[com.google.android.gms:play-services-basement:17.0.0] AndroidManifest.xml:25:13-66
131
132        <provider
132-->[androidx.lifecycle:lifecycle-process:2.0.0] AndroidManifest.xml:23:9-27:43
133            android:name="androidx.lifecycle.ProcessLifecycleOwnerInitializer"
133-->[androidx.lifecycle:lifecycle-process:2.0.0] AndroidManifest.xml:24:13-79
134            android:authorities="com.example.project.lifecycle-process"
134-->[androidx.lifecycle:lifecycle-process:2.0.0] AndroidManifest.xml:25:13-69
135            android:exported="false"
135-->[androidx.lifecycle:lifecycle-process:2.0.0] AndroidManifest.xml:26:13-37
136            android:multiprocess="true" />
136-->[androidx.lifecycle:lifecycle-process:2.0.0] AndroidManifest.xml:27:13-40
137    </application>
138
139</manifest>